<?xml version="1.0" encoding="UTF-8"?>
<testng-results skipped="0" failed="0" ignored="0" total="1" passed="1">
  <reporter-output>
  </reporter-output>
  <suite name="Default suite" duration-ms="14668" started-at="2023-02-09T05:38:52Z" finished-at="2023-02-09T05:39:07Z">
    <groups>
    </groups>
    <test name="Default test" duration-ms="14668" started-at="2023-02-09T05:38:52Z" finished-at="2023-02-09T05:39:07Z">
      <class name="test.AddContactTest">
        <test-method status="PASS" signature="userShouldBeAbleToAddCustomerFromListCustomer(java.lang.String, java.lang.String, java.lang.String, java.lang.String, java.lang.String, java.lang.String, java.lang.String, java.lang.String, java.lang.String, java.lang.String, java.lang.String, java.lang.String)[pri:0, instance:test.AddContactTest@5c3bd550]" name="userShouldBeAbleToAddCustomerFromListCustomer" duration-ms="14651" started-at="2023-02-08T23:38:52Z" finished-at="2023-02-08T23:39:07Z">
          <params>
            <param index="0">
              <value>
                <![CDATA[demo@techfios.com]]>
              </value>
            </param>
            <param index="1">
              <value>
                <![CDATA[abc123]]>
              </value>
            </param>
            <param index="2">
              <value>
                <![CDATA[Dashboard]]>
              </value>
            </param>
            <param index="3">
              <value>
                <![CDATA[Excel Project]]>
              </value>
            </param>
            <param index="4">
              <value>
                <![CDATA[Techfios]]>
              </value>
            </param>
            <param index="5">
              <value>
                <![CDATA[vabcds@gmail.com]]>
              </value>
            </param>
            <param index="6">
              <value>
                <![CDATA[2315460]]>
              </value>
            </param>
            <param index="7">
              <value>
                <![CDATA[Techfios,Building]]>
              </value>
            </param>
            <param index="8">
              <value>
                <![CDATA[Carrolton]]>
              </value>
            </param>
            <param index="9">
              <value>
                <![CDATA[Tx]]>
              </value>
            </param>
            <param index="10">
              <value>
                <![CDATA[75009]]>
              </value>
            </param>
            <param index="11">
              <value>
                <![CDATA[United Kingdom]]>
              </value>
            </param>
          </params>
          <reporter-output>
          </reporter-output>
        </test-method> <!-- userShouldBeAbleToAddCustomerFromListCustomer -->
      </class> <!-- test.AddContactTest -->
    </test> <!-- Default test -->
  </suite> <!-- Default suite -->
</testng-results>
